DEBUG - 2015-12-02 17:40:11 --> UTF-8 Support Enabled
DEBUG - 2015-12-02 17:40:11 --> No URI present. Default controller set.
DEBUG - 2015-12-02 17:40:11 --> Global POST, GET and COOKIE data sanitized
ERROR - 2015-12-02 17:40:11 --> Severity: Warning --> mysqli::real_connect(): (HY000/1049): Unknown database 'deployment_system' /Users/wuxin/Projects/PhpstormProjects/DeploymentSystem/CodeIgniter/database/drivers/mysqli/mysqli_driver.php 135
ERROR - 2015-12-02 17:40:11 --> Unable to connect to the database
DEBUG - 2015-12-02 18:02:32 --> UTF-8 Support Enabled
DEBUG - 2015-12-02 18:02:32 --> No URI present. Default controller set.
DEBUG - 2015-12-02 18:02:32 --> Global POST, GET and COOKIE data sanitized
ERROR - 2015-12-02 18:02:32 --> Severity: Warning --> mysqli::real_connect(): (HY000/1049): Unknown database 'deployment_system' /Users/wuxin/Projects/PhpstormProjects/DeploymentSystem/CodeIgniter/database/drivers/mysqli/mysqli_driver.php 135
ERROR - 2015-12-02 18:02:32 --> Unable to connect to the database
DEBUG - 2015-12-02 18:09:35 --> UTF-8 Support Enabled
DEBUG - 2015-12-02 18:09:35 --> No URI present. Default controller set.
DEBUG - 2015-12-02 18:09:35 --> Global POST, GET and COOKIE data sanitized
ERROR - 2015-12-02 18:09:35 --> Query error: Table 'deployment_system.game_info' doesn't exist - Invalid query: SELECT *
FROM `game_info`
WHERE `status` = 1
DEBUG - 2015-12-02 18:11:18 --> UTF-8 Support Enabled
DEBUG - 2015-12-02 18:11:18 --> No URI present. Default controller set.
DEBUG - 2015-12-02 18:11:18 --> Global POST, GET and COOKIE data sanitized
DEBUG - 2015-12-02 18:11:18 --> Total execution time: 0.0261
DEBUG - 2015-12-02 18:11:18 --> UTF-8 Support Enabled
DEBUG - 2015-12-02 18:11:18 --> No URI present. Default controller set.
DEBUG - 2015-12-02 18:11:18 --> Global POST, GET and COOKIE data sanitized
DEBUG - 2015-12-02 18:11:18 --> Total execution time: 0.0130
DEBUG - 2015-12-02 18:11:19 --> UTF-8 Support Enabled
DEBUG - 2015-12-02 18:11:19 --> No URI present. Default controller set.
DEBUG - 2015-12-02 18:11:19 --> Global POST, GET and COOKIE data sanitized
DEBUG - 2015-12-02 18:11:19 --> Total execution time: 0.0125
DEBUG - 2015-12-02 18:11:19 --> UTF-8 Support Enabled
DEBUG - 2015-12-02 18:11:19 --> No URI present. Default controller set.
DEBUG - 2015-12-02 18:11:19 --> Global POST, GET and COOKIE data sanitized
DEBUG - 2015-12-02 18:11:19 --> Total execution time: 0.0125
DEBUG - 2015-12-02 18:11:19 --> UTF-8 Support Enabled
DEBUG - 2015-12-02 18:11:19 --> No URI present. Default controller set.
DEBUG - 2015-12-02 18:11:19 --> Global POST, GET and COOKIE data sanitized
DEBUG - 2015-12-02 18:11:19 --> Total execution time: 0.0126
DEBUG - 2015-12-02 18:11:20 --> UTF-8 Support Enabled
DEBUG - 2015-12-02 18:11:20 --> No URI present. Default controller set.
DEBUG - 2015-12-02 18:11:20 --> Global POST, GET and COOKIE data sanitized
DEBUG - 2015-12-02 18:11:20 --> Total execution time: 0.0131
DEBUG - 2015-12-02 18:11:20 --> UTF-8 Support Enabled
DEBUG - 2015-12-02 18:11:20 --> No URI present. Default controller set.
DEBUG - 2015-12-02 18:11:20 --> Global POST, GET and COOKIE data sanitized
DEBUG - 2015-12-02 18:11:20 --> Total execution time: 0.0138
DEBUG - 2015-12-02 18:11:20 --> UTF-8 Support Enabled
DEBUG - 2015-12-02 18:11:20 --> No URI present. Default controller set.
DEBUG - 2015-12-02 18:11:20 --> Global POST, GET and COOKIE data sanitized
DEBUG - 2015-12-02 18:11:20 --> Total execution time: 0.0189
DEBUG - 2015-12-02 18:11:20 --> UTF-8 Support Enabled
DEBUG - 2015-12-02 18:11:20 --> No URI present. Default controller set.
DEBUG - 2015-12-02 18:11:20 --> Global POST, GET and COOKIE data sanitized
DEBUG - 2015-12-02 18:11:20 --> Total execution time: 0.0133
DEBUG - 2015-12-02 18:11:20 --> UTF-8 Support Enabled
DEBUG - 2015-12-02 18:11:20 --> No URI present. Default controller set.
DEBUG - 2015-12-02 18:11:20 --> Global POST, GET and COOKIE data sanitized
DEBUG - 2015-12-02 18:11:20 --> Total execution time: 0.0134
DEBUG - 2015-12-02 18:11:25 --> UTF-8 Support Enabled
DEBUG - 2015-12-02 18:11:25 --> No URI present. Default controller set.
DEBUG - 2015-12-02 18:11:25 --> Global POST, GET and COOKIE data sanitized
DEBUG - 2015-12-02 18:11:25 --> Total execution time: 0.0193
DEBUG - 2015-12-02 18:11:26 --> UTF-8 Support Enabled
DEBUG - 2015-12-02 18:11:26 --> No URI present. Default controller set.
DEBUG - 2015-12-02 18:11:26 --> Global POST, GET and COOKIE data sanitized
DEBUG - 2015-12-02 18:11:26 --> Total execution time: 0.0161
DEBUG - 2015-12-02 18:11:29 --> UTF-8 Support Enabled
DEBUG - 2015-12-02 18:11:29 --> No URI present. Default controller set.
DEBUG - 2015-12-02 18:11:29 --> Global POST, GET and COOKIE data sanitized
DEBUG - 2015-12-02 18:11:29 --> Total execution time: 0.0130
DEBUG - 2015-12-02 18:11:29 --> UTF-8 Support Enabled
DEBUG - 2015-12-02 18:11:29 --> No URI present. Default controller set.
DEBUG - 2015-12-02 18:11:29 --> Global POST, GET and COOKIE data sanitized
DEBUG - 2015-12-02 18:11:29 --> Total execution time: 0.0135
DEBUG - 2015-12-02 19:25:31 --> UTF-8 Support Enabled
DEBUG - 2015-12-02 19:25:31 --> No URI present. Default controller set.
DEBUG - 2015-12-02 19:25:31 --> Global POST, GET and COOKIE data sanitized
DEBUG - 2015-12-02 19:25:31 --> Total execution time: 0.0346
DEBUG - 2015-12-02 19:25:32 --> UTF-8 Support Enabled
DEBUG - 2015-12-02 19:25:32 --> No URI present. Default controller set.
DEBUG - 2015-12-02 19:25:32 --> Global POST, GET and COOKIE data sanitized
DEBUG - 2015-12-02 19:25:32 --> Total execution time: 0.0120
